This file contains any messages produced by compilers while
running configure, to aid debugging if configure makes a mistake.

configure:620: checking host system type
configure:641: checking target system type
configure:659: checking build system type
configure:711: checking for a BSD compatible install
configure:764: checking whether build environment is sane
configure:821: checking whether make sets ${MAKE}
configure:860: checking for working aclocal
configure:873: checking for working autoconf
configure:886: checking for working automake
configure:899: checking for working autoheader
configure:912: checking for working makeinfo
configure:1050: checking for ranlib
configure:1080: checking for gcc
configure:1193: checking whether the C compiler (gcc  ) works
configure:1209: gcc -o conftest    conftest.c  1>&5
configure:1235: checking whether the C compiler (gcc  ) is a cross-compiler
configure:1240: checking whether we are using GNU C
configure:1268: checking whether gcc accepts -g
configure:1311: checking for ld used by GCC
configure:1373: checking if the linker (/usr/bin/ld) is GNU ld
configure:1389: checking for BSD-compatible nm
configure:1425: checking whether ln -s works
ltconfig:603: checking for object suffix
ltconfig:604: gcc -c -g -O2  conftest.c 1>&5
ltconfig:629: checking for executable suffix
ltconfig:630: gcc -o conftest -g -O2   conftest.c  1>&5
ltconfig:776: checking if gcc PIC flag -fPIC works
ltconfig:777: gcc -c -g -O2 -fPIC -DPIC  conftest.c 1>&5
ltconfig:829: checking if gcc supports -c -o file.o
ltconfig:830: gcc -c -g -O2 -o out/conftest2.o  conftest.c 1>&5
ltconfig:862: checking if gcc supports -c -o file.lo
ltconfig:863: gcc -c -g -O2 -c -o conftest.lo  conftest.c 1>&5
ltconfig:914: checking if gcc supports -fno-rtti -fno-exceptions
ltconfig:915: gcc -c -g -O2 -fno-rtti -fno-exceptions -c conftest.c  conftest.c 1>&5
ltconfig:958: checking if gcc static flag -static works
ltconfig:959: gcc -o conftest -g -O2   -static conftest.c  1>&5
GNU ld version 2.10.90 (with BFD 2.10.0.18)
ltconfig:1653: checking if global_symbol_pipe works
ltconfig:1654: gcc -c -g -O2  conftest.c 1>&5
ltconfig:1657: eval "/usr/bin/nm -B conftest.o | sed -n -e 's/^.*[ 	]\([ABCDGISTW]\)[ 	][ 	]*\(\)\([_A-Za-z][_A-Za-z0-9]*\)$/\1 \2\3 \3/p' > conftest.nm"
ltconfig:1709: gcc -o conftest -g -O2 -fno-builtin -fno-rtti -fno-exceptions   conftest.c conftstm.o 1>&5
ltconfig:2248: checking for dlopen in -ldl
ltconfig:2269: gcc -o conftest -g -O2 -fno-builtin -fno-rtti -fno-exceptions   conftest.c -ldl   1>&5
ltconfig:2488: checking for dlfcn.h
ltconfig:2498: gcc -c -g -O2 -fno-builtin -fno-rtti -fno-exceptions  conftest.c 1>&5 >/dev/null 2>conftest.out
ltconfig:2526: checking whether a program can dlopen itself
ltconfig:2580: gcc -o conftest -g -O2 -fno-builtin -fno-rtti -fno-exceptions  -DHAVE_DLFCN_H  -Wl,--export-dynamic conftest.c -ldl  1>&5
ltconfig:2599: checking whether a statically linked program can dlopen itself
ltconfig:2653: gcc -o conftest -g -O2 -fno-builtin -fno-rtti -fno-exceptions  -DHAVE_DLFCN_H  -Wl,--export-dynamic -static conftest.c -ldl  1>&5
ltconfig: failed program was:
#line 2607 "ltconfig"

#if HAVE_DLFCN_H
#include <dlfcn.h>
#endif

#include <stdio.h>

#ifdef RTLD_GLOBAL
# define LTDL_GLOBAL	RTLD_GLOBAL
#else
# ifdef DL_GLOBAL
#  define LTDL_GLOBAL	DL_GLOBAL
# else
#  define LTDL_GLOBAL	0
# endif
#endif

/* We may have to define LTDL_LAZY_OR_NOW in the command line if we
   find out it does not work in some platform. */
#ifndef LTDL_LAZY_OR_NOW
# ifdef RTLD_LAZY
#  define LTDL_LAZY_OR_NOW	RTLD_LAZY
# else
#  ifdef DL_LAZY
#   define LTDL_LAZY_OR_NOW	DL_LAZY
#  else
#   ifdef RTLD_NOW
#    define LTDL_LAZY_OR_NOW	RTLD_NOW
#   else
#    ifdef DL_NOW
#     define LTDL_LAZY_OR_NOW	DL_NOW
#    else
#     define LTDL_LAZY_OR_NOW	0
#    endif
#   endif
#  endif
# endif
#endif

fnord() { int i=42;}
main() { void *self, *ptr1, *ptr2; self=dlopen(0,LTDL_GLOBAL|LTDL_LAZY_OR_NOW);
    if(self) { ptr1=dlsym(self,"fnord"); ptr2=dlsym(self,"_fnord");
    if(ptr1 || ptr2) { dlclose(self); exit(0); } } exit(1); } 

configure:1616: checking whether to enable maintainer-specific portions of Makefiles
configure:1720: checking for type of parallisation
configure:1765: checking whether to enable memory access debugging
configure:1781: checking whether to enable general Helga debugging
configure:1818: checking whether to enable molstruct library debugging
configure:1843: checking whether to enable run-time profiling
configure:1852: checking whether to pad memory to detect overflows
configure:1868: checking whether to link Electric Fence for memory debugging
configure:1917: checking for SLang_init_slang in -lslang
configure:1963: checking for gcc
configure:2076: checking whether the C compiler (gcc -g -O2 -g -pg ) works
configure:2092: gcc -o conftest -g -O2 -g -pg   conftest.c  -lslang 1>&5
configure:2118: checking whether the C compiler (gcc -g -O2 -g -pg ) is a cross-compiler
configure:2123: checking whether we are using GNU C
configure:2151: checking whether gcc accepts -g
configure:2186: checking for gcc option to accept ANSI C
configure:2274: checking for a BSD compatible install
configure:2348: checking for vprintf
configure:2456: checking for atexit
configure:2456: checking for on_exit
configure:2510: checking size of double
configure:2549: checking size of char
configure:2588: checking size of long
configure:2627: checking size of int
configure:2666: checking size of void *
configure:2706: checking for working const
configure:2781: checking whether struct tm is in sys/time.h or time.h
configure:2816: checking memory alignment
configure:2838: gcc -o conftest -g -O2 -g -pg -Wall   conftest.c  -lslang 1>&5
configure:2862: checking how to run the C preprocessor
configure:2942: checking for ANSI C header files
configure:3046: checking whether time.h and sys/time.h may both be included
configure:3086: checking for arpa/inet.h
configure:3086: checking for netdb.h
configure:3086: checking for netinet/in.h
configure:3086: checking for pwd.h
configure:3086: checking for sys/ioctl.h
configure:3086: checking for sys/select.h
configure:3086: checking for sys/signal.h
configure:3086: checking for sys/socket.h
configure:3086: checking for sys/termio.h
configure:3086: checking for sys/time.h
configure:3086: checking for sys/types.h
configure:3086: checking for sys/uio.h
configure:3086: checking for termios.h
configure:3086: checking for unistd.h
configure:3086: checking for fcntl.h
configure:3138: checking for fdopen
configure:3138: checking for gethostname
configure:3138: checking for getpwuid
configure:3138: checking for gettimeofday
configure:3138: checking for select
configure:3138: checking for memcpy
configure:3138: checking for ipow
configure:3138: checking for strchr
configure:3138: checking for strrchr
configure:3138: checking for rindex
configure:3138: checking for strcat
configure:3138: checking for strlen
configure:3138: checking for strcmp
configure:3138: checking for strncmp
configure:3138: checking for strcpy
configure:3138: checking for strncpy
configure:3138: checking for strtok
configure:3138: checking for strcasecmp
configure:3138: checking for strncasecmp
configure:3138: checking for snprintf
configure:3138: checking for memset
configure:3138: checking for memmove
configure:3138: checking for bcopy
configure:3138: checking for memrev
configure:3138: checking for memchr
configure:3138: checking for memmem
configure:3138: checking for memcmp
configure:3138: checking for strdup
configure:3138: checking for memdup
configure:3138: checking for sincos
configure:3138: checking for strndup
configure:3138: checking for strnfill
configure:3138: checking for strcatv
configure:3138: checking for strtod
configure:3138: checking for strsignal
configure:3138: checking for strrev
configure:3138: checking for basename
configure:3138: checking for readline
configure:3138: checking for strcspn
configure:3138: checking for waitpid
configure:3138: checking for min
configure:3138: checking for max
configure:3138: checking for snooze
configure:3138: checking for strerror
configure:3138: checking for strlcat
configure:3138: checking for strlcpy
configure:3138: checking for strstr
configure:3138: checking for usleep
configure:3138: checking for vsnprintf
